C:\Users\JGTS\Source\Repos\WebApplication1\WebApplication1\src\app\app.component.js
C:\Users\JGTS\Source\Repos\WebApplication1\WebApplication1\src\app\app.component.js.map
C:\Users\JGTS\Source\Repos\WebApplication1\WebApplication1\src\app\employee\employee.js
C:\Users\JGTS\Source\Repos\WebApplication1\WebApplication1\src\app\employee\employee.js.map
C:\Users\JGTS\Source\Repos\WebApplication1\WebApplication1\src\app\employee\employee.service.js
C:\Users\JGTS\Source\Repos\WebApplication1\WebApplication1\src\app\employee\employee.service.js.map
C:\Users\JGTS\Source\Repos\WebApplication1\WebApplication1\src\app\employee\employeeList.component.js
C:\Users\JGTS\Source\Repos\WebApplication1\WebApplication1\src\app\employee\employeeList.component.js.map
C:\Users\JGTS\Source\Repos\WebApplication1\WebApplication1\src\app\employee\employeeTitle.pipe.js
C:\Users\JGTS\Source\Repos\WebApplication1\WebApplication1\src\app\employee\employeeTitle.pipe.js.map
C:\Users\JGTS\Source\Repos\WebApplication1\WebApplication1\src\app\employee\employeeCount.component.js
C:\Users\JGTS\Source\Repos\WebApplication1\WebApplication1\src\app\employee\employeeCount.component.js.map
C:\Users\JGTS\Source\Repos\WebApplication1\WebApplication1\src\app\home\home.component.js
C:\Users\JGTS\Source\Repos\WebApplication1\WebApplication1\src\app\home\home.component.js.map
C:\Users\JGTS\Source\Repos\WebApplication1\WebApplication1\src\app\others\pageNotfound.Component.js
C:\Users\JGTS\Source\Repos\WebApplication1\WebApplication1\src\app\others\pageNotfound.Component.js.map
C:\Users\JGTS\Source\Repos\WebApplication1\WebApplication1\src\app\app.module.js
C:\Users\JGTS\Source\Repos\WebApplication1\WebApplication1\src\app\app.module.js.map
C:\Users\JGTS\Source\Repos\WebApplication1\WebApplication1\src\main.js
C:\Users\JGTS\Source\Repos\WebApplication1\WebApplication1\src\main.js.map
C:\Users\JGTS\Source\Repos\WebApplication1\WebApplication1\src\app\app.component.spec.js
C:\Users\JGTS\Source\Repos\WebApplication1\WebApplication1\src\app\app.component.spec.js.map
C:\Users\JGTS\Source\Repos\WebApplication1\WebApplication1\src\app\employee\employee.component.js
C:\Users\JGTS\Source\Repos\WebApplication1\WebApplication1\src\app\employee\employee.component.js.map
